0 info it worked if it ends with ok
1 verbose cli [ 'node', '/usr/local/bin/npm', 'publish', 'angular-m' ]
2 info using npm@2.10.1
3 info using node@v0.12.4
4 verbose node symlink /usr/local/bin/node
5 verbose publish [ 'angular-m' ]
6 silly cache add args [ 'angular-m', null ]
7 verbose cache add spec angular-m
8 silly cache add parsed spec { raw: 'angular-m',
8 silly cache add   scope: null,
8 silly cache add   name: 'angular-m',
8 silly cache add   rawSpec: '',
8 silly cache add   spec: '*',
8 silly cache add   type: 'range' }
9 silly addNamed angular-m@*
10 verbose addNamed "*" is a valid semver range for angular-m
11 silly addNameRange { name: 'angular-m', range: '*', hasData: false }
12 silly mapToRegistry name angular-m
13 silly mapToRegistry using default registry
14 silly mapToRegistry registry https://registry.npmjs.org/
15 silly mapToRegistry uri https://registry.npmjs.org/angular-m
16 verbose addNameRange registry:https://registry.npmjs.org/angular-m not in flight; fetching
17 verbose get https://registry.npmjs.org/angular-m not expired, no request
18 silly addNameRange number 2 { name: 'angular-m', range: '*', hasData: true }
19 silly addNameRange versions [ 'angular-m', [ '0.1.6' ] ]
20 silly addNamed angular-m@0.1.6
21 verbose addNamed "0.1.6" is a plain semver version for angular-m
22 silly mapToRegistry name angular-m
23 silly mapToRegistry using default registry
24 silly mapToRegistry registry https://registry.npmjs.org/
25 silly mapToRegistry uri https://registry.npmjs.org/angular-m
26 verbose addRemoteTarball https://registry.npmjs.org/angular-m/-/angular-m-0.1.6.tgz not in flight; adding
27 verbose addRemoteTarball [ 'https://registry.npmjs.org/angular-m/-/angular-m-0.1.6.tgz',
27 verbose addRemoteTarball   '56377154b688fbfe2265f5eaab28844574d746cc' ]
28 info retry fetch attempt 1 at 16:18:00
29 info attempt registry request try #1 at 16:18:00
30 http fetch GET https://registry.npmjs.org/angular-m/-/angular-m-0.1.6.tgz
31 verbose request using bearer token for auth
32 verbose request id 1e3a95ba7542e74e
33 http fetch 200 https://registry.npmjs.org/angular-m/-/angular-m-0.1.6.tgz
34 silly fetchAndShaCheck shasum 56377154b688fbfe2265f5eaab28844574d746cc
35 verbose addTmpTarball /var/folders/hp/53m46pxs05g4wktpzll03sbw0000gn/T/npm-30489-308aee48/registry.npmjs.org/angular-m/-/angular-m-0.1.6.tgz not in flight; adding
36 verbose addTmpTarball already have metadata; skipping unpack for angular-m@0.1.6
37 silly cache afterAdd angular-m@0.1.6
38 verbose afterAdd /Users/dlh/.npm/angular-m/0.1.6/package/package.json not in flight; writing
39 verbose afterAdd /Users/dlh/.npm/angular-m/0.1.6/package/package.json written
40 silly publish { name: 'angular-m',
40 silly publish   description: 'Angular-based model library for use in MVC framework design',
40 silly publish   version: '0.1.6',
40 silly publish   homepage: 'https://github.com/dlhdesign/angular-m',
40 silly publish   author: { name: 'David Hutchings' },
40 silly publish   repository:
40 silly publish    { type: 'git',
40 silly publish      url: 'git+https://github.com/dlhdesign/angular-m.git' },
40 silly publish   bugs: { url: 'https://github.com/dlhdesign/angular-m/issues' },
40 silly publish   keywords: [ 'angular', 'mvc' ],
40 silly publish   license: 'MIT',
40 silly publish   licenses:
40 silly publish    [ { type: 'MIT',
40 silly publish        url: 'https://github.com/dlhdesign/angular-m/blob/master/LICENSE' } ],
40 silly publish   dependencies: {},
40 silly publish   devDependencies:
40 silly publish    { 'faithful-exec': '~0.1.0',
40 silly publish      grunt: '~0.4.1',
40 silly publish      'grunt-contrib-clean': '~0.5.0',
40 silly publish      'grunt-contrib-concat': '~0.3.0',
40 silly publish      'grunt-contrib-connect': '~0.7.1',
40 silly publish      'grunt-contrib-jshint': '~0.8.0',
40 silly publish      'grunt-contrib-uglify': '~0.4.0',
40 silly publish      'grunt-contrib-watch': '~0.5.3',
40 silly publish      'grunt-conventional-changelog': '~1.1.0',
40 silly publish      'grunt-karma': '~0.6.2',
40 silly publish      'grunt-ngdocs': '~0.2.5',
40 silly publish      'grunt-release': '^0.13.0',
40 silly publish      karma: '~0.10.4',
40 silly publish      'karma-chrome-launcher': '~0.1.0',
40 silly publish      'karma-coffee-preprocessor': '~0.1.0',
40 silly publish      'karma-firefox-launcher': '~0.1.0',
40 silly publish      'karma-html2js-preprocessor': '~0.1.0',
40 silly publish      'karma-jasmine': '~0.1.3',
40 silly publish      'karma-phantomjs-launcher': '~0.1.0',
40 silly publish      'karma-requirejs': '~0.2.0',
40 silly publish      'karma-script-launcher': '~0.1.0',
40 silly publish      'load-grunt-tasks': '~0.4.0',
40 silly publish      shelljs: '~0.2.6' },
40 silly publish   main: 'angular-m.js',
40 silly publish   gitHead: '50fbdc931e5fe0b3338beaa74ed5530615162069',
40 silly publish   _id: 'angular-m@0.1.6',
40 silly publish   scripts: {},
40 silly publish   _shasum: '56377154b688fbfe2265f5eaab28844574d746cc',
40 silly publish   _from: 'angular-m@*',
40 silly publish   _npmVersion: '2.10.1',
40 silly publish   _nodeVersion: '0.12.4',
40 silly publish   _npmUser: { name: 'dlhdesign', email: 'chefslide@gmail.com' },
40 silly publish   dist:
40 silly publish    { shasum: '56377154b688fbfe2265f5eaab28844574d746cc',
40 silly publish      tarball: 'http://registry.npmjs.org/angular-m/-/angular-m-0.1.6.tgz' },
40 silly publish   maintainers: [ { name: 'dlhdesign', email: 'chefslide@gmail.com' } ],
40 silly publish   directories: {},
40 silly publish   _resolved: 'https://registry.npmjs.org/angular-m/-/angular-m-0.1.6.tgz' }
41 info prepublish angular-m@0.1.6
42 verbose getPublishConfig undefined
43 silly mapToRegistry name angular-m
44 silly mapToRegistry using default registry
45 silly mapToRegistry registry https://registry.npmjs.org/
46 silly mapToRegistry uri https://registry.npmjs.org/angular-m
47 verbose publish registryBase https://registry.npmjs.org/
48 silly publish uploading /Users/dlh/.npm/angular-m/0.1.6/package.tgz
49 verbose request uri https://registry.npmjs.org/angular-m
50 verbose request sending authorization for write operation
51 info attempt registry request try #1 at 16:18:00
52 verbose request using bearer token for auth
53 http request PUT https://registry.npmjs.org/angular-m
54 http 403 https://registry.npmjs.org/angular-m
55 verbose headers { 'content-type': 'application/json',
55 verbose headers   'cache-control': 'max-age=60',
55 verbose headers   'content-length': '95',
55 verbose headers   'accept-ranges': 'bytes',
55 verbose headers   date: 'Tue, 08 Dec 2015 00:18:00 GMT',
55 verbose headers   via: '1.1 varnish',
55 verbose headers   connection: 'keep-alive',
55 verbose headers   'x-served-by': 'cache-lax1428-LAX',
55 verbose headers   'x-cache': 'MISS',
55 verbose headers   'x-cache-hits': '0',
55 verbose headers   'x-timer': 'S1449533880.662865,VS0,VE74' }
56 verbose request invalidating /Users/dlh/.npm/registry.npmjs.org/angular-m on PUT
57 error publish Failed PUT 403
58 verbose stack Error: "You cannot publish over the previously published version 0.1.6." : angular-m
58 verbose stack     at CachingRegistryClient.<anonymous> (/usr/local/lib/node_modules/npm/node_modules/npm-registry-client/lib/request.js:247:14)
58 verbose stack     at Request._callback (/usr/local/lib/node_modules/npm/node_modules/npm-registry-client/lib/request.js:170:14)
58 verbose stack     at Request.self.callback (/usr/local/lib/node_modules/npm/node_modules/request/request.js:368:22)
58 verbose stack     at Request.emit (events.js:110:17)
58 verbose stack     at Request.<anonymous> (/usr/local/lib/node_modules/npm/node_modules/request/request.js:1219:14)
58 verbose stack     at Request.emit (events.js:129:20)
58 verbose stack     at IncomingMessage.<anonymous> (/usr/local/lib/node_modules/npm/node_modules/request/request.js:1167:12)
58 verbose stack     at IncomingMessage.emit (events.js:129:20)
58 verbose stack     at _stream_readable.js:908:16
58 verbose stack     at process._tickCallback (node.js:355:11)
59 verbose statusCode 403
60 verbose pkgid angular-m
61 verbose cwd /Users/dlh/Repositories/Personal/angular-m
62 error Darwin 14.5.0
63 error argv "node" "/usr/local/bin/npm" "publish" "angular-m"
64 error node v0.12.4
65 error npm  v2.10.1
66 error code E403
67 error "You cannot publish over the previously published version 0.1.6." : angular-m
68 error If you need help, you may report this error at:
68 error     <https://github.com/npm/npm/issues>
69 verbose exit [ 1, true ]
